<?xml version="1.0" encoding="UTF-8"?>
<testsuite xmlns:xsi="http://www.w3.org/2001/XMLSchema-instance" xsi:noNamespaceSchemaLocation="https://maven.apache.org/surefire/maven-surefire-plugin/xsd/surefire-test-report.xsd" version="3.0.2" name="com.backend.CineFlow.CineFlow.CineFlowApplicationTests" time="11.529" tests="1" errors="0" skipped="0" failures="0" flakes="0">
  <properties>
[...]
</properties>
  <testcase name="contextLoads" classname="com.backend.CineFlow.CineFlow.CineFlowApplicationTests" time="0.692">
    <system-out><![CDATA[03:51:19.625 [main] INFO org.springframework.test.context.support.AnnotationConfigContextLoaderUtils -- Could not detect default configuration classes for test class [com.backend.CineFlow.CineFlow.CineFlowApplicationTests]: CineFlowApplicationTests does not declare any static, non-private, non-final, nested classes annotated with @Configuration.
03:51:19.818 [main] INFO org.springframework.boot.test.context.SpringBootTestContextBootstrapper -- Found @SpringBootConfiguration com.backend.CineFlow.CineFlow.CineFlowApplication for test class com.backend.CineFlow.CineFlow.CineFlowApplicationTests

  .   ____          _            __ _ _
 /\\ / ___'_ __ _ _(_)_ __  __ _ \ \ \ \
( ( )\___ | '_ | '_| | '_ \/ _` | \ \ \ \
 \\/  ___)| |_)| | | | | || (_| |  ) ) ) )
  '  |____| .__|_| |_|_| |_\__, | / / / /
 =========|_|==============|___/=/_/_/_/

 :: Spring Boot ::               (v3.5.13)

2026-05-15T03:51:21.703-04:00  INFO 25632 --- [CineFlow_Usuarios] [           main] c.b.C.CineFlow.CineFlowApplicationTests  : Starting CineFlowApplicationTests using Java 23.0.1 with PID 25632 (started by gunte in C:\Users\gunte\Microservicios-CineFlow\CineFlow-Usuarios)
2026-05-15T03:51:21.704-04:00  INFO 25632 --- [CineFlow_Usuarios] [           main] c.b.C.CineFlow.CineFlowApplicationTests  : No active profile set, falling back to 1 default profile: "default"
2026-05-15T03:51:23.219-04:00  INFO 25632 --- [CineFlow_Usuarios] [           main] .s.d.r.c.RepositoryConfigurationDelegate : Bootstrapping Spring Data JPA repositories in DEFAULT mode.
2026-05-15T03:51:23.312-04:00  INFO 25632 --- [CineFlow_Usuarios] [           main] .s.d.r.c.RepositoryConfigurationDelegate : Finished Spring Data repository scanning in 79 ms. Found 1 JPA repository interface.
2026-05-15T03:51:23.692-04:00  INFO 25632 --- [CineFlow_Usuarios] [           main] o.s.cloud.context.scope.GenericScope     : BeanFactory id=dcd2cfd0-e821-3947-9d8e-d4a8227ab586
2026-05-15T03:51:24.257-04:00  INFO 25632 --- [CineFlow_Usuarios] [           main] o.hibernate.jpa.internal.util.LogHelper  : HHH000204: Processing PersistenceUnitInfo [name: default]
2026-05-15T03:51:24.335-04:00  INFO 25632 --- [CineFlow_Usuarios] [           main] org.hibernate.Version                    : HHH000412: Hibernate ORM core version 6.6.45.Final
2026-05-15T03:51:24.380-04:00  INFO 25632 --- [CineFlow_Usuarios] [           main] o.h.c.internal.RegionFactoryInitiator    : HHH000026: Second-level cache disabled
2026-05-15T03:51:25.002-04:00  INFO 25632 --- [CineFlow_Usuarios] [           main] o.s.o.j.p.SpringPersistenceUnitInfo      : No LoadTimeWeaver setup: ignoring JPA class transformer
2026-05-15T03:51:25.054-04:00  INFO 25632 --- [CineFlow_Usuarios] [           main] com.zaxxer.hikari.HikariDataSource       : HikariPool-1 - Starting...
2026-05-15T03:51:25.322-04:00  INFO 25632 --- [CineFlow_Usuarios] [           main] com.zaxxer.hikari.pool.HikariPool        : HikariPool-1 - Added connection com.mysql.cj.jdbc.ConnectionImpl@ecf028c
2026-05-15T03:51:25.326-04:00  INFO 25632 --- [CineFlow_Usuarios] [           main] com.zaxxer.hikari.HikariDataSource       : HikariPool-1 - Start completed.
2026-05-15T03:51:25.433-04:00  WARN 25632 --- [CineFlow_Usuarios] [           main] org.hibernate.orm.deprecation            : HHH90000025: MySQL8Dialect does not need to be specified explicitly using 'hibernate.dialect' (remove the property setting and it will be selected by default)
2026-05-15T03:51:25.435-04:00  WARN 25632 --- [CineFlow_Usuarios] [           main] org.hibernate.orm.deprecation            : HHH90000026: MySQL8Dialect has been deprecated; use org.hibernate.dialect.MySQLDialect instead
2026-05-15T03:51:25.470-04:00  INFO 25632 --- [CineFlow_Usuarios] [           main] org.hibernate.orm.connections.pooling    : HHH10001005: Database info:
	Database JDBC URL [Connecting through datasource 'HikariDataSource (HikariPool-1)']
	Database driver: undefined/unknown
	Database version: 8.0
	Autocommit mode: undefined/unknown
	Isolation level: undefined/unknown
	Minimum pool size: undefined/unknown
	Maximum pool size: undefined/unknown
2026-05-15T03:51:26.349-04:00  INFO 25632 --- [CineFlow_Usuarios] [           main] o.h.e.t.j.p.i.JtaPlatformInitiator       : HHH000489: No JTA platform available (set 'hibernate.transaction.jta.platform' to enable JTA platform integration)
2026-05-15T03:51:26.472-04:00  INFO 25632 --- [CineFlow_Usuarios] [           main] j.LocalContainerEntityManagerFactoryBean : Initialized JPA EntityManagerFactory for persistence unit 'default'
2026-05-15T03:51:28.579-04:00  INFO 25632 --- [CineFlow_Usuarios] [           main] c.r.stream.impl.StreamEnvironment        : Connecting to localhost with guest user, assuming development environment
2026-05-15T03:51:28.580-04:00  INFO 25632 --- [CineFlow_Usuarios] [           main] c.r.stream.impl.StreamEnvironment        : Using address resolver to always connect to localhost
2026-05-15T03:51:29.916-04:00  INFO 25632 --- [CineFlow_Usuarios] [           main] o.s.cloud.commons.util.InetUtils         : Cannot determine local hostname
2026-05-15T03:51:30.110-04:00  INFO 25632 --- [CineFlow_Usuarios] [           main] c.b.C.CineFlow.CineFlowApplicationTests  : Started CineFlowApplicationTests in 9.829 seconds (process running for 11.812)
]]></system-out>
    <system-err><![CDATA[Mockito is currently self-attaching to enable the inline-mock-maker. This will no longer work in future releases of the JDK. Please add Mockito as an agent to your build as described in Mockito's documentation: https://javadoc.io/doc/org.mockito/mockito-core/latest/org.mockito/org/mockito/Mockito.html#0.3
WARNING: A Java agent has been loaded dynamically (C:\Users\gunte\.m2\repository\net\bytebuddy\byte-buddy-agent\1.17.8\byte-buddy-agent-1.17.8.jar)
WARNING: If a serviceability tool is in use, please run with -XX:+EnableDynamicAgentLoading to hide this warning
WARNING: If a serviceability tool is not in use, please run with -Djdk.instrument.traceUsage for more information
WARNING: Dynamic loading of agents will be disallowed by default in a future release
]]></system-err>
  </testcase>
</testsuite>